[debug] [2023-09-12T07:33:49.956Z] ----------------------------------------------------------------------
[debug] [2023-09-12T07:33:49.958Z] Command:       C:\Program Files\nodejs\node.exe C:\Users\Pawan\AppData\Roaming\npm\node_modules\firebase-tools\lib\bin\firebase.js init
[debug] [2023-09-12T07:33:49.959Z] CLI Version:   12.5.3
[debug] [2023-09-12T07:33:49.959Z] Platform:      win32
[debug] [2023-09-12T07:33:49.960Z] Node Version:  v18.12.1
[debug] [2023-09-12T07:33:49.960Z] Time:          Tue Sep 12 2023 13:03:49 GMT+0530 (India Standard Time)
[debug] [2023-09-12T07:33:49.961Z] ----------------------------------------------------------------------
[debug] 
[debug] [2023-09-12T07:33:50.077Z] > command requires scopes: ["email","openid","https://www.googleapis.com/auth/cloudplatformprojects.readonly","https://www.googleapis.com/auth/firebase","https://www.googleapis.com/auth/cloud-platform"]
[debug] [2023-09-12T07:33:50.078Z] > authorizing via signed-in user (deephshah212000@gmail.com)
[info] 
     ######## #### ########  ######## ########     ###     ######  ########
     ##        ##  ##     ## ##       ##     ##  ##   ##  ##       ##
     ######    ##  ########  ######   ########  #########  ######  ######
     ##        ##  ##    ##  ##       ##     ## ##     ##       ## ##
     ##       #### ##     ## ######## ########  ##     ##  ######  ########

You're about to initialize a Firebase project in this directory:

  C:\Users\Pawan\Desktop\Sharan Digitech\CrudList

Before we get started, keep in mind:

  * You are initializing within an existing Firebase project directory

